<?xml version="1.0" encoding="UTF-8"?>
<!-- Generated by org.testng.reporters.JUnitReportReporter -->
<testsuite hostname="Raryan" failures="0" tests="2" name="qa.test.TestCase1" time="5.551" errors="0" timestamp="2023-07-19T01:48:26 IST" skipped="1">
  <testcase classname="qa.test.TestCase1" name="testUploadAnyFile" time="5.551"/>
  <system-out/>
  <testcase classname="qa.test.TestCase1" name="validateBrokenImages">
    <skipped/>
  </testcase> <!-- validateBrokenImages -->
  <system-out/>
</testsuite> <!-- qa.test.TestCase1 -->
